<?xml version="1.0" encoding="UTF-8" ?>
<testsuite failures="0" time="1.933" errors="0" skipped="0" tests="20" name="org.springframework.social.viadeo.api.impl.UserTemplateTest">
  <properties>
[...]
</properties>
  <testcase time="0.702" classname="org.springframework.social.viadeo.api.impl.UserTemplateTest" name="getCurrentUser"/>
  <testcase time="0.091" classname="org.springframework.social.viadeo.api.impl.UserTemplateTest" name="getCurrentUser_unauthorized"/>
  <testcase time="0.059" classname="org.springframework.social.viadeo.api.impl.UserTemplateTest" name="getUserProfileById"/>
  <testcase time="0.079" classname="org.springframework.social.viadeo.api.impl.UserTemplateTest" name="getCurrentContacts"/>
  <testcase time="0.043" classname="org.springframework.social.viadeo.api.impl.UserTemplateTest" name="getCurrentContacts_unauthorized"/>
  <testcase time="0.055" classname="org.springframework.social.viadeo.api.impl.UserTemplateTest" name="getContactsForId"/>
  <testcase time="0.071" classname="org.springframework.social.viadeo.api.impl.UserTemplateTest" name="getCurrentNewsFeed"/>
  <testcase time="0.043" classname="org.springframework.social.viadeo.api.impl.UserTemplateTest" name="getCurrentNewsFeed_unauthorized"/>
  <testcase time="0.075" classname="org.springframework.social.viadeo.api.impl.UserTemplateTest" name="getNewsFeedForId"/>
  <testcase time="0.048" classname="org.springframework.social.viadeo.api.impl.UserTemplateTest" name="getCurrentExperiences"/>
  <testcase time="0.046" classname="org.springframework.social.viadeo.api.impl.UserTemplateTest" name="getCurrentExperiences_unauthorized"/>
  <testcase time="0.055" classname="org.springframework.social.viadeo.api.impl.UserTemplateTest" name="getExperiencesForId"/>
  <testcase time="0.035" classname="org.springframework.social.viadeo.api.impl.UserTemplateTest" name="updateStatus_unauthorized"/>
  <testcase time="0.049" classname="org.springframework.social.viadeo.api.impl.UserTemplateTest" name="updateStatus"/>
  <testcase time="0.044" classname="org.springframework.social.viadeo.api.impl.UserTemplateTest" name="updateStatus_statusTooLong"/>
  <testcase time="0.041" classname="org.springframework.social.viadeo.api.impl.UserTemplateTest" name="search_unauthorized"/>
  <testcase time="0.041" classname="org.springframework.social.viadeo.api.impl.UserTemplateTest" name="getCurrentContactCard_unauthorized"/>
  <testcase time="0.187" classname="org.springframework.social.viadeo.api.impl.UserTemplateTest" name="getCurrentContactCards"/>
  <testcase time="0.077" classname="org.springframework.social.viadeo.api.impl.UserTemplateTest" name="getContactCardsForId"/>
  <testcase time="0.066" classname="org.springframework.social.viadeo.api.impl.UserTemplateTest" name="search"/>
</testsuite>